This is pdfTeX, Version 3.1415926-2.4-1.40.13 (TeX Live 2012) (format=pdflatex 2012.12.9)  9 DEC 2012 20:00
entering extended mode
 restricted \write18 enabled.
 %&-line parsing enabled.
**Template.tex
(./Template.tex
LaTeX2e <2011/06/27>
Babel <v3.8m> and hyphenation patterns for english, dumylang, nohyphenation, ge
rman-x-2012-05-30, ngerman-x-2012-05-30, afrikaans, ancientgreek, ibycus, arabi
c, armenian, basque, bulgarian, catalan, pinyin, coptic, croatian, czech, danis
h, dutch, ukenglish, usenglishmax, esperanto, estonian, ethiopic, farsi, finnis
h, french, friulan, galician, german, ngerman, swissgerman, monogreek, greek, h
ungarian, icelandic, assamese, bengali, gujarati, hindi, kannada, malayalam, ma
rathi, oriya, panjabi, tamil, telugu, indonesian, interlingua, irish, italian, 
kurmanji, latin, latvian, lithuanian, mongolian, mongolianlmc, bokmal, nynorsk,
 polish, portuguese, romanian, romansh, russian, sanskrit, serbian, serbianc, s
lovak, slovenian, spanish, swedish, turkish, turkmen, ukrainian, uppersorbian, 
welsh, loaded.
(/usr/local/texlive/2012/texmf-dist/tex/latex/base/article.cls
Document Class: article 2007/10/19 v1.4h Standard LaTeX document class
(/usr/local/texlive/2012/texmf-dist/tex/latex/base/size10.clo
File: size10.clo 2007/10/19 v1.4h Standard LaTeX file (size option)
)
\c@part=\count79
\c@section=\count80
\c@subsection=\count81
\c@subsubsection=\count82
\c@paragraph=\count83
\c@subparagraph=\count84
\c@figure=\count85
\c@table=\count86
\abovecaptionskip=\skip41
\belowcaptionskip=\skip42
\bibindent=\dimen102
)
(/usr/local/texlive/2012/texmf-dist/tex/latex/graphics/graphicx.sty
Package: graphicx 1999/02/16 v1.0f Enhanced LaTeX Graphics (DPC,SPQR)

(/usr/local/texlive/2012/texmf-dist/tex/latex/graphics/keyval.sty
Package: keyval 1999/03/16 v1.13 key=value parser (DPC)
\KV@toks@=\toks14
)
(/usr/local/texlive/2012/texmf-dist/tex/latex/graphics/graphics.sty
Package: graphics 2009/02/05 v1.0o Standard LaTeX Graphics (DPC,SPQR)

(/usr/local/texlive/2012/texmf-dist/tex/latex/graphics/trig.sty
Package: trig 1999/03/16 v1.09 sin cos tan (DPC)
)
(/usr/local/texlive/2012/texmf-dist/tex/latex/latexconfig/graphics.cfg
File: graphics.cfg 2010/04/23 v1.9 graphics configuration of TeX Live
)
Package graphics Info: Driver file: pdftex.def on input line 91.

(/usr/local/texlive/2012/texmf-dist/tex/latex/pdftex-def/pdftex.def
File: pdftex.def 2011/05/27 v0.06d Graphics/color for pdfTeX

(/usr/local/texlive/2012/texmf-dist/tex/generic/oberdiek/infwarerr.sty
Package: infwarerr 2010/04/08 v1.3 Providing info/warning/error messages (HO)
)
(/usr/local/texlive/2012/texmf-dist/tex/generic/oberdiek/ltxcmds.sty
Package: ltxcmds 2011/11/09 v1.22 LaTeX kernel commands for general use (HO)
)
\Gread@gobject=\count87
))
\Gin@req@height=\dimen103
\Gin@req@width=\dimen104
)
(./spconf_ICME.sty)
(/usr/local/texlive/2012/texmf-dist/tex/latex/amsmath/amsmath.sty
Package: amsmath 2000/07/18 v2.13 AMS math features
\@mathmargin=\skip43

For additional information on amsmath, use the `?' option.
(/usr/local/texlive/2012/texmf-dist/tex/latex/amsmath/amstext.sty
Package: amstext 2000/06/29 v2.01

(/usr/local/texlive/2012/texmf-dist/tex/latex/amsmath/amsgen.sty
File: amsgen.sty 1999/11/30 v2.0
\@emptytoks=\toks15
\ex@=\dimen105
))
(/usr/local/texlive/2012/texmf-dist/tex/latex/amsmath/amsbsy.sty
Package: amsbsy 1999/11/29 v1.2d
\pmbraise@=\dimen106
)
(/usr/local/texlive/2012/texmf-dist/tex/latex/amsmath/amsopn.sty
Package: amsopn 1999/12/14 v2.01 operator names
)
\inf@bad=\count88
LaTeX Info: Redefining \frac on input line 211.
\uproot@=\count89
\leftroot@=\count90
LaTeX Info: Redefining \overline on input line 307.
\classnum@=\count91
\DOTSCASE@=\count92
LaTeX Info: Redefining \ldots on input line 379.
LaTeX Info: Redefining \dots on input line 382.
LaTeX Info: Redefining \cdots on input line 467.
\Mathstrutbox@=\box26
\strutbox@=\box27
\big@size=\dimen107
LaTeX Font Info:    Redeclaring font encoding OML on input line 567.
LaTeX Font Info:    Redeclaring font encoding OMS on input line 568.
\macc@depth=\count93
\c@MaxMatrixCols=\count94
\dotsspace@=\muskip10
\c@parentequation=\count95
\dspbrk@lvl=\count96
\tag@help=\toks16
\row@=\count97
\column@=\count98
\maxfields@=\count99
\andhelp@=\toks17
\eqnshift@=\dimen108
\alignsep@=\dimen109
\tagshift@=\dimen110
\tagwidth@=\dimen111
\totwidth@=\dimen112
\lineht@=\dimen113
\@envbody=\toks18
\multlinegap=\skip44
\multlinetaggap=\skip45
\mathdisplay@stack=\toks19
LaTeX Info: Redefining \[ on input line 2666.
LaTeX Info: Redefining \] on input line 2667.
)
(/usr/local/texlive/2012/texmf-dist/tex/latex/graphics/epsfig.sty
Package: epsfig 1999/02/16 v1.7a (e)psfig emulation (SPQR)
\epsfxsize=\dimen114
\epsfysize=\dimen115
)
(/usr/local/texlive/2012/texmf-dist/tex/latex/fancyhdr/fancyhdr.sty
\fancy@headwidth=\skip46
\f@ncyO@elh=\skip47
\f@ncyO@erh=\skip48
\f@ncyO@olh=\skip49
\f@ncyO@orh=\skip50
\f@ncyO@elf=\skip51
\f@ncyO@erf=\skip52
\f@ncyO@olf=\skip53
\f@ncyO@orf=\skip54
)
(./Template.aux)
\openout1 = `Template.aux'.

LaTeX Font Info:    Checking defaults for OML/cmm/m/it on input line 27.
LaTeX Font Info:    ... okay on input line 27.
LaTeX Font Info:    Checking defaults for T1/cmr/m/n on input line 27.
LaTeX Font Info:    ... okay on input line 27.
LaTeX Font Info:    Checking defaults for OT1/cmr/m/n on input line 27.
LaTeX Font Info:    ... okay on input line 27.
LaTeX Font Info:    Checking defaults for OMS/cmsy/m/n on input line 27.
LaTeX Font Info:    ... okay on input line 27.
LaTeX Font Info:    Checking defaults for OMX/cmex/m/n on input line 27.
LaTeX Font Info:    ... okay on input line 27.
LaTeX Font Info:    Checking defaults for U/cmr/m/n on input line 27.
LaTeX Font Info:    ... okay on input line 27.
LaTeX Font Info:    Try loading font information for OT1+ptm on input line 27.
 (/usr/local/texlive/2012/texmf-dist/tex/latex/psnfss/ot1ptm.fd
File: ot1ptm.fd 2001/06/04 font definitions for OT1/ptm.
) (/usr/local/texlive/2012/texmf-dist/tex/context/base/supp-pdf.mkii
[Loading MPS to PDF converter (version 2006.09.02).]
\scratchcounter=\count100
\scratchdimen=\dimen116
\scratchbox=\box28
\nofMPsegments=\count101
\nofMParguments=\count102
\everyMPshowfont=\toks20
\MPscratchCnt=\count103
\MPscratchDim=\dimen117
\MPnumerator=\count104
\makeMPintoPDFobject=\count105
\everyMPtoPDFconversion=\toks21
) (/usr/local/texlive/2012/texmf-dist/tex/generic/oberdiek/pdftexcmds.sty
Package: pdftexcmds 2011/11/29 v0.20 Utility functions of pdfTeX for LuaTeX (HO
)

(/usr/local/texlive/2012/texmf-dist/tex/generic/oberdiek/ifluatex.sty
Package: ifluatex 2010/03/01 v1.3 Provides the ifluatex switch (HO)
Package ifluatex Info: LuaTeX not detected.
)
(/usr/local/texlive/2012/texmf-dist/tex/generic/oberdiek/ifpdf.sty
Package: ifpdf 2011/01/30 v2.3 Provides the ifpdf switch (HO)
Package ifpdf Info: pdfTeX in PDF mode is detected.
)
Package pdftexcmds Info: LuaTeX not detected.
Package pdftexcmds Info: \pdf@primitive is available.
Package pdftexcmds Info: \pdf@ifprimitive is available.
Package pdftexcmds Info: \pdfdraftmode found.
)
(/usr/local/texlive/2012/texmf-dist/tex/latex/oberdiek/epstopdf-base.sty
Package: epstopdf-base 2010/02/09 v2.5 Base part for package epstopdf

(/usr/local/texlive/2012/texmf-dist/tex/latex/oberdiek/grfext.sty
Package: grfext 2010/08/19 v1.1 Manage graphics extensions (HO)

(/usr/local/texlive/2012/texmf-dist/tex/generic/oberdiek/kvdefinekeys.sty
Package: kvdefinekeys 2011/04/07 v1.3 Define keys (HO)
))
(/usr/local/texlive/2012/texmf-dist/tex/latex/oberdiek/kvoptions.sty
Package: kvoptions 2011/06/30 v3.11 Key value format for package options (HO)

(/usr/local/texlive/2012/texmf-dist/tex/generic/oberdiek/kvsetkeys.sty
Package: kvsetkeys 2012/04/25 v1.16 Key value parser (HO)

(/usr/local/texlive/2012/texmf-dist/tex/generic/oberdiek/etexcmds.sty
Package: etexcmds 2011/02/16 v1.5 Avoid name clashes with e-TeX commands (HO)
Package etexcmds Info: Could not find \expanded.
(etexcmds)             That can mean that you are not using pdfTeX 1.50 or
(etexcmds)             that some package has redefined \expanded.
(etexcmds)             In the latter case, load this package earlier.
)))
Package grfext Info: Graphics extension search list:
(grfext)             [.png,.pdf,.jpg,.mps,.jpeg,.jbig2,.jb2,.PNG,.PDF,.JPG,.JPE
G,.JBIG2,.JB2,.eps]
(grfext)             \AppendGraphicsExtensions on input line 452.

(/usr/local/texlive/2012/texmf-dist/tex/latex/latexconfig/epstopdf-sys.cfg
File: epstopdf-sys.cfg 2010/07/13 v1.3 Configuration of (r)epstopdf for TeX Liv
e
))
LaTeX Font Info:    Font shape `OT1/ptm/bx/n' in size <12> not available
(Font)              Font shape `OT1/ptm/b/n' tried instead on input line 45.
LaTeX Font Info:    Font shape `OT1/ptm/bx/n' in size <10> not available
(Font)              Font shape `OT1/ptm/b/n' tried instead on input line 57.
LaTeX Font Info:    Font shape `OT1/ptm/bx/it' in size <10> not available
(Font)              Font shape `OT1/ptm/b/it' tried instead on input line 61.
LaTeX Font Info:    Try loading font information for OT1+pcr on input line 89.

(/usr/local/texlive/2012/texmf-dist/tex/latex/psnfss/ot1pcr.fd
File: ot1pcr.fd 2001/06/04 font definitions for OT1/pcr.
) [1{/usr/local/texlive/2012/texmf-var/fonts/map/pdftex/updmap/pdftex.map}



]
Underfull \hbox (badness 10000) in paragraph at lines 113--114

 []


Underfull \hbox (badness 10000) in paragraph at lines 131--132

 []


Underfull \hbox (badness 10000) in paragraph at lines 144--204

 []


Underfull \hbox (badness 10000) in paragraph at lines 144--204

 []


Underfull \hbox (badness 10000) in paragraph at lines 144--204

 []


Underfull \hbox (badness 10000) in paragraph at lines 144--204

 []


Underfull \hbox (badness 10000) in paragraph at lines 144--204

 []


Underfull \hbox (badness 10000) in paragraph at lines 144--204

 []


Underfull \hbox (badness 10000) in paragraph at lines 144--204

 []

<mixed_fruit1.png, id=13, 154.176pt x 115.632pt>
File: mixed_fruit1.png Graphic file (type png)
 <use mixed_fruit1.png>
Package pdftex.def Info: mixed_fruit1.png used on input line 207.
(pdftex.def)             Requested size: 144.54pt x 108.4065pt.

<mixed_fruit1_step1.png, id=14, 642.4pt x 481.8pt>
File: mixed_fruit1_step1.png Graphic file (type png)

<use mixed_fruit1_step1.png>
Package pdftex.def Info: mixed_fruit1_step1.png used on input line 209.
(pdftex.def)             Requested size: 144.54pt x 108.40031pt.

<mixed_fruit1_step2.png, id=15, 642.4pt x 481.8pt>
File: mixed_fruit1_step2.png Graphic file (type png)

<use mixed_fruit1_step2.png>
Package pdftex.def Info: mixed_fruit1_step2.png used on input line 211.
(pdftex.def)             Requested size: 144.54pt x 108.40031pt.

Underfull \hbox (badness 10000) in paragraph at lines 206--212

 []


Underfull \hbox (badness 10000) in paragraph at lines 206--212

 []


Underfull \hbox (badness 10000) in paragraph at lines 206--212

 []


Underfull \hbox (badness 10000) in paragraph at lines 206--212

 []


Underfull \hbox (badness 10000) in paragraph at lines 206--212

 []


Underfull \hbox (badness 10000) in paragraph at lines 206--212

 []


Underfull \hbox (badness 10000) in paragraph at lines 206--212

 []


Underfull \vbox (badness 10000) has occurred while \output is active []

 [2 <./mixed_fruit1.png (PNG copy)>]
Underfull \hbox (badness 10000) in paragraph at lines 216--274

 []


Underfull \hbox (badness 10000) in paragraph at lines 216--274

 []


Underfull \hbox (badness 10000) in paragraph at lines 216--274

 []


Underfull \hbox (badness 10000) in paragraph at lines 216--274

 []


Underfull \hbox (badness 10000) in paragraph at lines 216--274

 []


Underfull \hbox (badness 10000) in paragraph at lines 216--274

 []


Underfull \hbox (badness 10000) in paragraph at lines 216--274

 []

<mixed_fruit2.png, id=19, 154.176pt x 115.632pt>
File: mixed_fruit2.png Graphic file (type png)
 <use mixed_fruit2.png>
Package pdftex.def Info: mixed_fruit2.png used on input line 277.
(pdftex.def)             Requested size: 144.54pt x 108.4065pt.

<mixed_fruit2_step1.png, id=20, 642.4pt x 481.8pt>
File: mixed_fruit2_step1.png Graphic file (type png)

<use mixed_fruit2_step1.png>
Package pdftex.def Info: mixed_fruit2_step1.png used on input line 279.
(pdftex.def)             Requested size: 144.54pt x 108.40031pt.

<mixed_fruit2_step2.png, id=21, 642.4pt x 481.8pt>
File: mixed_fruit2_step2.png Graphic file (type png)

<use mixed_fruit2_step2.png>
Package pdftex.def Info: mixed_fruit2_step2.png used on input line 281.
(pdftex.def)             Requested size: 144.54pt x 108.40031pt.

Underfull \hbox (badness 10000) in paragraph at lines 276--282

 []


Underfull \hbox (badness 10000) in paragraph at lines 276--282

 []


Underfull \hbox (badness 10000) in paragraph at lines 276--282

 []


Underfull \hbox (badness 10000) in paragraph at lines 276--282

 []


Underfull \hbox (badness 10000) in paragraph at lines 276--282

 []


Underfull \hbox (badness 10000) in paragraph at lines 276--282

 []


Underfull \hbox (badness 10000) in paragraph at lines 276--282

 []


Underfull \hbox (badness 10000) in paragraph at lines 286--352

 []


Underfull \hbox (badness 10000) in paragraph at lines 286--352

 []


Underfull \hbox (badness 10000) in paragraph at lines 286--352

 []


Underfull \hbox (badness 10000) in paragraph at lines 286--352

 []


Underfull \hbox (badness 10000) in paragraph at lines 286--352

 []


Underfull \hbox (badness 10000) in paragraph at lines 286--352

 []


Underfull \hbox (badness 10000) in paragraph at lines 286--352

 []


Underfull \vbox (badness 1248) has occurred while \output is active []

 [3 <./mixed_fruit1_step1.png (PNG copy)> <./mixed_fruit1_step2.png (PNG copy)>
 <./mixed_fruit2.png (PNG copy)> <./mixed_fruit2_step1.png (PNG copy)> <./mixed
_fruit2_step2.png (PNG copy)>] <mixed_fruit3.png, id=25, 154.176pt x 115.632pt>
File: mixed_fruit3.png Graphic file (type png)

<use mixed_fruit3.png>
Package pdftex.def Info: mixed_fruit3.png used on input line 355.
(pdftex.def)             Requested size: 144.54pt x 108.4065pt.
 <mixed_fruit3_step1.png, id=26, 642.4pt x 481.8pt>
File: mixed_fruit3_step1.png Graphic file (type png)

<use mixed_fruit3_step1.png>
Package pdftex.def Info: mixed_fruit3_step1.png used on input line 357.
(pdftex.def)             Requested size: 144.54pt x 108.40031pt.

<mixed_fruit3_step2.png, id=27, 642.4pt x 481.8pt>
File: mixed_fruit3_step2.png Graphic file (type png)

<use mixed_fruit3_step2.png>
Package pdftex.def Info: mixed_fruit3_step2.png used on input line 359.
(pdftex.def)             Requested size: 144.54pt x 108.40031pt.

Underfull \hbox (badness 10000) in paragraph at lines 354--360

 []


Underfull \hbox (badness 10000) in paragraph at lines 354--360

 []


Underfull \hbox (badness 10000) in paragraph at lines 354--360

 []


Underfull \hbox (badness 10000) in paragraph at lines 354--360

 []


Underfull \hbox (badness 10000) in paragraph at lines 354--360

 []


Underfull \hbox (badness 10000) in paragraph at lines 354--360

 []


Underfull \hbox (badness 10000) in paragraph at lines 354--360

 []


Underfull \vbox (badness 4328) has occurred while \output is active []


Underfull \hbox (badness 10000) in paragraph at lines 364--404

 []


Underfull \hbox (badness 10000) in paragraph at lines 364--404

 []


Underfull \hbox (badness 10000) in paragraph at lines 364--404

 []


Underfull \hbox (badness 10000) in paragraph at lines 364--404

 []


Underfull \hbox (badness 10000) in paragraph at lines 364--404

 []


Underfull \hbox (badness 10000) in paragraph at lines 364--404

 []


Underfull \hbox (badness 10000) in paragraph at lines 364--404

 []

[4 <./mixed_fruit3.png (PNG copy)> <./mixed_fruit3_step1.png (PNG copy)> <./mix
ed_fruit3_step2.png (PNG copy)>]
<fruit_tray.png, id=31, 154.176pt x 115.632pt>
File: fruit_tray.png Graphic file (type png)
 <use fruit_tray.png>
Package pdftex.def Info: fruit_tray.png used on input line 407.
(pdftex.def)             Requested size: 144.54pt x 108.4065pt.

<fruit_tray_step1.png, id=32, 642.4pt x 481.8pt>
File: fruit_tray_step1.png Graphic file (type png)
 <use fruit_tray_step1.png>
Package pdftex.def Info: fruit_tray_step1.png used on input line 409.
(pdftex.def)             Requested size: 144.54pt x 108.40031pt.

<fruit_tray_step2.png, id=33, 642.4pt x 481.8pt>
File: fruit_tray_step2.png Graphic file (type png)
 <use fruit_tray_step2.png>
Package pdftex.def Info: fruit_tray_step2.png used on input line 411.
(pdftex.def)             Requested size: 144.54pt x 108.40031pt.

Underfull \hbox (badness 10000) in paragraph at lines 406--412

 []


Underfull \hbox (badness 10000) in paragraph at lines 406--412

 []


Underfull \hbox (badness 10000) in paragraph at lines 406--412

 []


Underfull \hbox (badness 10000) in paragraph at lines 406--412

 []


Underfull \hbox (badness 10000) in paragraph at lines 406--412

 []


Underfull \hbox (badness 10000) in paragraph at lines 406--412

 []


Underfull \hbox (badness 10000) in paragraph at lines 406--412

 []

[5 <./fruit_tray.png (PNG copy)> <./fruit_tray_step1.png (PNG copy)> <./fruit_t
ray_step2.png (PNG copy)>] (./Template.aux) ) 
Here is how much of TeX's memory you used:
 2432 strings out of 493488
 33169 string characters out of 3141326
 99880 words of memory out of 3000000
 5692 multiletter control sequences out of 15000+200000
 21490 words of font info for 48 fonts, out of 3000000 for 9000
 957 hyphenation exceptions out of 8191
 38i,11n,43p,775b,241s stack positions out of 5000i,500n,10000p,200000b,50000s
{/usr/local/texlive/2012/texmf-dis
t/fonts/enc/dvips/base/8r.enc}</usr/local/texlive/2012/texmf-dist/fonts/type1/p
ublic/amsfonts/cm/cmmi10.pfb></usr/local/texlive/2012/texmf-dist/fonts/type1/pu
blic/amsfonts/cm/cmr10.pfb></usr/local/texlive/2012/texmf-dist/fonts/type1/urw/
courier/ucrr8a.pfb></usr/local/texlive/2012/texmf-dist/fonts/type1/urw/times/ut
mb8a.pfb></usr/local/texlive/2012/texmf-dist/fonts/type1/urw/times/utmbi8a.pfb>
</usr/local/texlive/2012/texmf-dist/fonts/type1/urw/times/utmr8a.pfb></usr/loca
l/texlive/2012/texmf-dist/fonts/type1/urw/times/utmri8a.pfb>
Output written on Template.pdf (5 pages, 2021511 bytes).
PDF statistics:
 61 PDF objects out of 1000 (max. 8388607)
 34 compressed objects within 1 object stream
 0 named destinations out of 1000 (max. 500000)
 61 words of extra memory for PDF output out of 10000 (max. 10000000)

